<?xml version="1.0" encoding="UTF-8"?>
<!-- Generated by org.testng.reporters.JUnitReportReporter -->
<testsuite hostname="DESKTOP" failures="0" tests="1" name="Academy.ValidateHomePageNavigationBar" time="0.122" errors="0" timestamp="03 Aug 2020 17:04:17 GMT" skipped="0">
  <testcase classname="Academy.ValidateHomePageNavigationBar" name="basePageNavigation" time="0.122"/>
</testsuite> <!-- Academy.ValidateHomePageNavigationBar -->
