<?xml version="1.0" encoding="UTF-8"?>
<!-- Generated by org.testng.reporters.JUnitReportReporter -->
<testsuite hostname="DESKTOP" failures="0" tests="2" name="Academy.HomePage" time="6.386" errors="0" timestamp="03 Aug 2020 17:04:17 GMT" skipped="0">
  <testcase classname="Academy.HomePage" name="basePageNavigation" time="3.525"/>
  <testcase classname="Academy.HomePage" name="basePageNavigation" time="2.861"/>
</testsuite> <!-- Academy.HomePage -->
